<?xml version="1.0" encoding="UTF-8"?>
<!-- Generated by org.testng.reporters.JUnitXMLReporter -->
<testsuite hostname="MC-CNJJ-WDP001L" ignored="0" name="Test1" tests="1" failures="0" timestamp="24 Oct 2017 15:28:33 GMT" time="0.081" errors="0">
  <testcase name="@BeforeMethod BeforeMethod" time="0.057" classname="testcase.main.Login">
    <failure type="java.lang.IllegalStateException" message="The driver executable does not exist: /Users/bmiao/Documents/TESTHELLOWORLD/O2O-page-testing/Users/bmiao/Documents/TESTHELLOWORLD/O2O-page-testing/target/clasBrowserDriver/chrome">
      <![CDATA[java.lang.IllegalStateException: The driver executable does not exist: /Users/bmiao/Documents/TESTHELLOWORLD/O2O-page-testing/Users/bmiao/Documents/TESTHELLOWORLD/O2O-page-testing/target/clasBrowserDriver/chrome
	at com.google.common.base.Preconditions.checkState(Preconditions.java:197)
	at org.openqa.selenium.remote.service.DriverService.checkExecutable(DriverService.java:121)
	at org.openqa.selenium.remote.service.DriverService.findExecutable(DriverService.java:116)
	at org.openqa.selenium.chrome.ChromeDriverService.access$000(ChromeDriverService.java:32)
	at org.openqa.selenium.chrome.ChromeDriverService$Builder.findDefaultExecutable(ChromeDriverService.java:137)
	at org.openqa.selenium.remote.service.DriverService$Builder.build(DriverService.java:290)
	at org.openqa.selenium.chrome.ChromeDriverService.createDefaultService(ChromeDriverService.java:88)
	at org.openqa.selenium.chrome.ChromeDriver.<init>(ChromeDriver.java:116)
	at Configuration.SeleniumTest.visit(SeleniumTest.java:111)
	at Configuration.SeleniumTest.start(SeleniumTest.java:83)
	at testcase.main.Login.BeforeMethod(Login.java:25)
... Removed 27 stack frames]]>
    </failure>
  </testcase> <!-- @BeforeMethod BeforeMethod -->
  <testcase name="testme" time="0.0" classname="testcase.main.Login">
    <skipped/>
  </testcase> <!-- testme -->
</testsuite> <!-- Test1 -->
